5240:C 14 Jan 2021 19:41:04.353 # oO0OoO0OoO0Oo Redis is starting oO0OoO0OoO0Oo
5240:C 14 Jan 2021 19:41:04.353 # Redis version=5.0.8, bits=64, commit=1e712e35, modified=1, pid=5240, just started
5240:C 14 Jan 2021 19:41:04.353 # Configuration loaded
                _._                                                  
           _.-``__ ''-._                                             
      _.-``    `.  `_.  ''-._           Redis 5.0.8 (1e712e35/1) 64 bit
  .-`` .-```.  ```\/    _.,_ ''-._                                   
 (    '      ,       .-`  | `,    )     Running in standalone mode
 |`-._`-...-` __...-.``-._|'` _.-'|     Port: 6379
 |    `-._   `._    /     _.-'    |     PID: 5240
  `-._    `-._  `-./  _.-'    _.-'                                   
 |`-._`-._    `-.__.-'    _.-'_.-'|                                  
 |    `-._`-._        _.-'_.-'    |           http://redis.io        
  `-._    `-._`-.__.-'_.-'    _.-'                                   
 |`-._`-._    `-.__.-'    _.-'_.-'|                                  
 |    `-._`-._        _.-'_.-'    |                                  
  `-._    `-._`-.__.-'_.-'    _.-'                                   
      `-._    `-.__.-'    _.-'                                       
          `-._        _.-'                                           
              `-.__.-'                                               

5240:M 14 Jan 2021 19:41:04.354 # Server initialized
5240:M 14 Jan 2021 19:41:04.354 # WARNING overcommit_memory is set to 0! Background save may fail under low memory condition. To fix this issue add 'vm.overcommit_memory = 1' to /etc/sysctl.conf and then reboot or run the command 'sysctl vm.overcommit_memory=1' for this to take effect.
5240:M 14 Jan 2021 19:41:04.354 # WARNING you have Transparent Huge Pages (THP) support enabled in your kernel. This will create latency and memory usage issues with Redis. To fix this issue run the command 'echo never > /sys/kernel/mm/transparent_hugepage/enabled' as root, and add it to your /etc/rc.local in order to retain the setting after a reboot. Redis must be restarted after THP is disabled.
5240:M 14 Jan 2021 19:41:04.355 * Ready to accept connections
5240:M 14 Jan 2021 19:56:05.089 * 1 changes in 900 seconds. Saving...
5240:M 14 Jan 2021 19:56:05.089 * Background saving started by pid 7589
7589:C 14 Jan 2021 19:56:05.095 * DB saved on disk
7589:C 14 Jan 2021 19:56:05.095 * RDB: 0 MB of memory used by copy-on-write
5240:M 14 Jan 2021 19:56:05.189 * Background saving terminated with success
5240:M 14 Jan 2021 20:08:53.978 * 10 changes in 300 seconds. Saving...
5240:M 14 Jan 2021 20:08:53.978 * Background saving started by pid 9684
9684:C 14 Jan 2021 20:08:53.984 * DB saved on disk
9684:C 14 Jan 2021 20:08:53.984 * RDB: 0 MB of memory used by copy-on-write
5240:M 14 Jan 2021 20:08:54.078 * Background saving terminated with success
5240:M 14 Jan 2021 20:09:23.630 * DB saved on disk
5240:M 14 Jan 2021 20:14:24.001 * 10 changes in 300 seconds. Saving...
5240:M 14 Jan 2021 20:14:24.001 * Background saving started by pid 10657
10657:C 14 Jan 2021 20:14:24.005 * DB saved on disk
10657:C 14 Jan 2021 20:14:24.006 * RDB: 0 MB of memory used by copy-on-write
5240:M 14 Jan 2021 20:14:24.101 * Background saving terminated with success
5240:M 14 Jan 2021 20:59:36.472 * 1 changes in 900 seconds. Saving...
5240:M 14 Jan 2021 20:59:36.472 * Background saving started by pid 18556
18556:C 14 Jan 2021 20:59:36.478 * DB saved on disk
18556:C 14 Jan 2021 20:59:36.478 * RDB: 0 MB of memory used by copy-on-write
5240:M 14 Jan 2021 20:59:36.573 * Background saving terminated with success
5240:M 14 Jan 2021 20:59:54.152 * DB saved on disk
5240:M 14 Jan 2021 21:04:19.010 * DB saved on disk
5240:M 14 Jan 2021 21:09:20.032 * 10 changes in 300 seconds. Saving...
5240:M 14 Jan 2021 21:09:20.033 * Background saving started by pid 20155
20155:C 14 Jan 2021 21:09:20.036 * DB saved on disk
20155:C 14 Jan 2021 21:09:20.036 * RDB: 0 MB of memory used by copy-on-write
5240:M 14 Jan 2021 21:09:20.133 * Background saving terminated with success
5240:M 14 Jan 2021 21:18:29.689 * DB saved on disk
5240:M 14 Jan 2021 21:23:30.084 * 10 changes in 300 seconds. Saving...
5240:M 14 Jan 2021 21:23:30.084 * Background saving started by pid 22715
22715:C 14 Jan 2021 21:23:30.092 * DB saved on disk
22715:C 14 Jan 2021 21:23:30.092 * RDB: 0 MB of memory used by copy-on-write
5240:M 14 Jan 2021 21:23:30.185 * Background saving terminated with success
5240:M 14 Jan 2021 21:37:16.262 * 10 changes in 300 seconds. Saving...
5240:M 14 Jan 2021 21:37:16.262 * Background saving started by pid 24933
24933:C 14 Jan 2021 21:37:16.266 * DB saved on disk
24933:C 14 Jan 2021 21:37:16.266 * RDB: 0 MB of memory used by copy-on-write
5240:M 14 Jan 2021 21:37:16.363 * Background saving terminated with success
5240:M 14 Jan 2021 21:42:17.001 * 10 changes in 300 seconds. Saving...
5240:M 14 Jan 2021 21:42:17.001 * Background saving started by pid 25649
25649:C 14 Jan 2021 21:42:17.005 * DB saved on disk
25649:C 14 Jan 2021 21:42:17.005 * RDB: 0 MB of memory used by copy-on-write
5240:M 14 Jan 2021 21:42:17.101 * Background saving terminated with success
5240:M 14 Jan 2021 21:47:18.039 * 10 changes in 300 seconds. Saving...
5240:M 14 Jan 2021 21:47:18.039 * Background saving started by pid 26432
26432:C 14 Jan 2021 21:47:18.044 * DB saved on disk
26432:C 14 Jan 2021 21:47:18.044 * RDB: 0 MB of memory used by copy-on-write
5240:M 14 Jan 2021 21:47:18.139 * Background saving terminated with success
5240:M 14 Jan 2021 21:52:19.002 * 10 changes in 300 seconds. Saving...
5240:M 14 Jan 2021 21:52:19.002 * Background saving started by pid 27222
27222:C 14 Jan 2021 21:52:19.009 * DB saved on disk
27222:C 14 Jan 2021 21:52:19.010 * RDB: 0 MB of memory used by copy-on-write
5240:M 14 Jan 2021 21:52:19.102 * Background saving terminated with success
5240:M 14 Jan 2021 21:57:20.050 * 10 changes in 300 seconds. Saving...
5240:M 14 Jan 2021 21:57:20.050 * Background saving started by pid 28013
28013:C 14 Jan 2021 21:57:20.053 * DB saved on disk
28013:C 14 Jan 2021 21:57:20.054 * RDB: 0 MB of memory used by copy-on-write
5240:M 14 Jan 2021 21:57:20.151 * Background saving terminated with success
5240:M 14 Jan 2021 22:02:21.013 * 10 changes in 300 seconds. Saving...
5240:M 14 Jan 2021 22:02:21.014 * Background saving started by pid 28811
28811:C 14 Jan 2021 22:02:21.018 * DB saved on disk
28811:C 14 Jan 2021 22:02:21.019 * RDB: 0 MB of memory used by copy-on-write
5240:M 14 Jan 2021 22:02:21.114 * Background saving terminated with success
5240:M 14 Jan 2021 22:07:22.095 * 10 changes in 300 seconds. Saving...
5240:M 14 Jan 2021 22:07:22.095 * Background saving started by pid 29604
29604:C 14 Jan 2021 22:07:22.099 * DB saved on disk
29604:C 14 Jan 2021 22:07:22.099 * RDB: 0 MB of memory used by copy-on-write
5240:M 14 Jan 2021 22:07:22.196 * Background saving terminated with success
5240:M 14 Jan 2021 22:27:02.239 * 1 changes in 900 seconds. Saving...
5240:M 14 Jan 2021 22:27:02.240 * Background saving started by pid 32470
32470:C 14 Jan 2021 22:27:02.243 * DB saved on disk
32470:C 14 Jan 2021 22:27:02.243 * RDB: 0 MB of memory used by copy-on-write
5240:M 14 Jan 2021 22:27:02.340 * Background saving terminated with success
5240:M 14 Jan 2021 22:32:59.760 * 10 changes in 300 seconds. Saving...
5240:M 14 Jan 2021 22:32:59.760 * Background saving started by pid 1167
1167:C 14 Jan 2021 22:32:59.764 * DB saved on disk
1167:C 14 Jan 2021 22:32:59.764 * RDB: 0 MB of memory used by copy-on-write
5240:M 14 Jan 2021 22:32:59.861 * Background saving terminated with success
5240:M 14 Jan 2021 22:38:00.008 * 10 changes in 300 seconds. Saving...
5240:M 14 Jan 2021 22:38:00.009 * Background saving started by pid 2259
2259:C 14 Jan 2021 22:38:00.013 * DB saved on disk
2259:C 14 Jan 2021 22:38:00.013 * RDB: 0 MB of memory used by copy-on-write
5240:M 14 Jan 2021 22:38:00.109 * Background saving terminated with success
5240:M 14 Jan 2021 22:43:16.802 * 10 changes in 300 seconds. Saving...
5240:M 14 Jan 2021 22:43:16.802 * Background saving started by pid 3252
3252:C 14 Jan 2021 22:43:16.807 * DB saved on disk
3252:C 14 Jan 2021 22:43:16.808 * RDB: 0 MB of memory used by copy-on-write
5240:M 14 Jan 2021 22:43:16.902 * Background saving terminated with success
5240:M 14 Jan 2021 22:48:17.032 * 10 changes in 300 seconds. Saving...
5240:M 14 Jan 2021 22:48:17.032 * Background saving started by pid 4147
4147:C 14 Jan 2021 22:48:17.036 * DB saved on disk
4147:C 14 Jan 2021 22:48:17.037 * RDB: 0 MB of memory used by copy-on-write
5240:M 14 Jan 2021 22:48:17.132 * Background saving terminated with success
5240:M 14 Jan 2021 22:53:18.098 * 10 changes in 300 seconds. Saving...
5240:M 14 Jan 2021 22:53:18.098 * Background saving started by pid 5229
5229:C 14 Jan 2021 22:53:18.106 * DB saved on disk
5229:C 14 Jan 2021 22:53:18.106 * RDB: 0 MB of memory used by copy-on-write
5240:M 14 Jan 2021 22:53:18.198 * Background saving terminated with success
5240:M 14 Jan 2021 22:54:19.086 * 10000 changes in 60 seconds. Saving...
5240:M 14 Jan 2021 22:54:19.087 * Background saving started by pid 15294
15294:C 14 Jan 2021 22:54:19.134 * DB saved on disk
15294:C 14 Jan 2021 22:54:19.136 * RDB: 0 MB of memory used by copy-on-write
5240:M 14 Jan 2021 22:54:19.188 * Background saving terminated with success
5240:M 14 Jan 2021 22:55:20.051 * 10000 changes in 60 seconds. Saving...
5240:M 14 Jan 2021 22:55:20.053 * Background saving started by pid 25459
25459:C 14 Jan 2021 22:55:20.057 * DB saved on disk
25459:C 14 Jan 2021 22:55:20.058 * RDB: 0 MB of memory used by copy-on-write
5240:M 14 Jan 2021 22:55:20.153 * Background saving terminated with success
5240:M 14 Jan 2021 22:56:21.028 * 10000 changes in 60 seconds. Saving...
5240:M 14 Jan 2021 22:56:21.029 * Background saving started by pid 30677
30677:C 14 Jan 2021 22:56:21.033 * DB saved on disk
30677:C 14 Jan 2021 22:56:21.034 * RDB: 0 MB of memory used by copy-on-write
5240:M 14 Jan 2021 22:56:21.135 * Background saving terminated with success
5240:M 14 Jan 2021 22:57:22.092 * 10000 changes in 60 seconds. Saving...
5240:M 14 Jan 2021 22:57:22.093 * Background saving started by pid 7512
7512:C 14 Jan 2021 22:57:22.098 * DB saved on disk
7512:C 14 Jan 2021 22:57:22.099 * RDB: 0 MB of memory used by copy-on-write
5240:M 14 Jan 2021 22:57:22.194 * Background saving terminated with success
5240:M 14 Jan 2021 22:58:50.966 * 10000 changes in 60 seconds. Saving...
5240:M 14 Jan 2021 22:58:50.968 * Background saving started by pid 11150
11150:C 14 Jan 2021 22:58:51.003 * DB saved on disk
11150:C 14 Jan 2021 22:58:51.005 * RDB: 12 MB of memory used by copy-on-write
5240:M 14 Jan 2021 22:58:51.031 * Background saving terminated with success
5240:M 14 Jan 2021 22:59:52.057 * 10000 changes in 60 seconds. Saving...
5240:M 14 Jan 2021 22:59:52.059 * Background saving started by pid 15921
15921:C 14 Jan 2021 22:59:52.066 * DB saved on disk
15921:C 14 Jan 2021 22:59:52.072 * RDB: 0 MB of memory used by copy-on-write
5240:M 14 Jan 2021 22:59:52.159 * Background saving terminated with success
5240:M 14 Jan 2021 23:01:28.900 * 10000 changes in 60 seconds. Saving...
5240:M 14 Jan 2021 23:01:28.918 * Background saving started by pid 19551
19551:C 14 Jan 2021 23:01:29.058 * DB saved on disk
19551:C 14 Jan 2021 23:01:29.059 * RDB: 15 MB of memory used by copy-on-write
5240:M 14 Jan 2021 23:01:29.108 * Background saving terminated with success
5240:M 14 Jan 2021 23:02:30.020 * 10000 changes in 60 seconds. Saving...
5240:M 14 Jan 2021 23:02:30.022 * Background saving started by pid 25004
25004:C 14 Jan 2021 23:02:30.030 * DB saved on disk
25004:C 14 Jan 2021 23:02:30.032 * RDB: 0 MB of memory used by copy-on-write
5240:M 14 Jan 2021 23:02:30.123 * Background saving terminated with success
5240:M 14 Jan 2021 23:03:31.058 * 10000 changes in 60 seconds. Saving...
5240:M 14 Jan 2021 23:03:31.060 * Background saving started by pid 29924
29924:C 14 Jan 2021 23:03:31.064 * DB saved on disk
29924:C 14 Jan 2021 23:03:31.066 * RDB: 0 MB of memory used by copy-on-write
5240:M 14 Jan 2021 23:03:31.160 * Background saving terminated with success
5240:M 14 Jan 2021 23:04:17.556 * DB saved on disk

*** FATAL CONFIG FILE ERROR ***
Reading the configuration file, at line 2
>>> 'maxclients "1000000" "-f" "redis.conf"'
Bad directive or wrong number of arguments
30886:C 14 Jan 2021 23:10:20.889 # oO0OoO0OoO0Oo Redis is starting oO0OoO0OoO0Oo
30886:C 14 Jan 2021 23:10:20.889 # Redis version=5.0.8, bits=64, commit=1e712e35, modified=1, pid=30886, just started
30886:C 14 Jan 2021 23:10:20.889 # Configuration loaded
                _._                                                  
           _.-``__ ''-._                                             
      _.-``    `.  `_.  ''-._           Redis 5.0.8 (1e712e35/1) 64 bit
  .-`` .-```.  ```\/    _.,_ ''-._                                   
 (    '      ,       .-`  | `,    )     Running in standalone mode
 |`-._`-...-` __...-.``-._|'` _.-'|     Port: 6379
 |    `-._   `._    /     _.-'    |     PID: 30886
  `-._    `-._  `-./  _.-'    _.-'                                   
 |`-._`-._    `-.__.-'    _.-'_.-'|                                  
 |    `-._`-._        _.-'_.-'    |           http://redis.io        
  `-._    `-._`-.__.-'_.-'    _.-'                                   
 |`-._`-._    `-.__.-'    _.-'_.-'|                                  
 |    `-._`-._        _.-'_.-'    |                                  
  `-._    `-._`-.__.-'_.-'    _.-'                                   
      `-._    `-.__.-'    _.-'                                       
          `-._        _.-'                                           
              `-.__.-'                                               

30886:M 14 Jan 2021 23:10:20.890 # Server initialized
30886:M 14 Jan 2021 23:10:20.890 # WARNING overcommit_memory is set to 0! Background save may fail under low memory condition. To fix this issue add 'vm.overcommit_memory = 1' to /etc/sysctl.conf and then reboot or run the command 'sysctl vm.overcommit_memory=1' for this to take effect.
30886:M 14 Jan 2021 23:10:20.890 # WARNING you have Transparent Huge Pages (THP) support enabled in your kernel. This will create latency and memory usage issues with Redis. To fix this issue run the command 'echo never > /sys/kernel/mm/transparent_hugepage/enabled' as root, and add it to your /etc/rc.local in order to retain the setting after a reboot. Redis must be restarted after THP is disabled.
30886:M 14 Jan 2021 23:10:20.890 * DB loaded from disk: 0.000 seconds
30886:M 14 Jan 2021 23:10:20.890 * Ready to accept connections
30886:M 14 Jan 2021 23:11:44.774 * 10000 changes in 60 seconds. Saving...
30886:M 14 Jan 2021 23:11:44.774 * Background saving started by pid 32273
32273:C 14 Jan 2021 23:11:44.780 * DB saved on disk
32273:C 14 Jan 2021 23:11:44.780 * RDB: 3 MB of memory used by copy-on-write
30886:M 14 Jan 2021 23:11:44.874 * Background saving terminated with success
30886:M 14 Jan 2021 23:12:45.020 * 10000 changes in 60 seconds. Saving...
30886:M 14 Jan 2021 23:12:45.021 * Background saving started by pid 19127
19127:C 14 Jan 2021 23:12:45.025 * DB saved on disk
19127:C 14 Jan 2021 23:12:45.026 * RDB: 0 MB of memory used by copy-on-write
30886:M 14 Jan 2021 23:12:45.121 * Background saving terminated with success
30886:M 14 Jan 2021 23:12:52.868 * DB saved on disk
19358:C 14 Jan 2021 23:14:23.280 # oO0OoO0OoO0Oo Redis is starting oO0OoO0OoO0Oo
19358:C 14 Jan 2021 23:14:23.280 # Redis version=5.0.8, bits=64, commit=1e712e35, modified=1, pid=19358, just started
19358:C 14 Jan 2021 23:14:23.280 # Configuration loaded
19358:M 14 Jan 2021 23:14:23.281 * Increased maximum number of open files to 1000032 (it was originally set to 65535).
                _._                                                  
           _.-``__ ''-._                                             
      _.-``    `.  `_.  ''-._           Redis 5.0.8 (1e712e35/1) 64 bit
  .-`` .-```.  ```\/    _.,_ ''-._                                   
 (    '      ,       .-`  | `,    )     Running in standalone mode
 |`-._`-...-` __...-.``-._|'` _.-'|     Port: 6379
 |    `-._   `._    /     _.-'    |     PID: 19358
  `-._    `-._  `-./  _.-'    _.-'                                   
 |`-._`-._    `-.__.-'    _.-'_.-'|                                  
 |    `-._`-._        _.-'_.-'    |           http://redis.io        
  `-._    `-._`-.__.-'_.-'    _.-'                                   
 |`-._`-._    `-.__.-'    _.-'_.-'|                                  
 |    `-._`-._        _.-'_.-'    |                                  
  `-._    `-._`-.__.-'_.-'    _.-'                                   
      `-._    `-.__.-'    _.-'                                       
          `-._        _.-'                                           
              `-.__.-'                                               

19358:M 14 Jan 2021 23:14:23.298 # Server initialized
19358:M 14 Jan 2021 23:14:23.298 # WARNING overcommit_memory is set to 0! Background save may fail under low memory condition. To fix this issue add 'vm.overcommit_memory = 1' to /etc/sysctl.conf and then reboot or run the command 'sysctl vm.overcommit_memory=1' for this to take effect.
19358:M 14 Jan 2021 23:14:23.298 # WARNING you have Transparent Huge Pages (THP) support enabled in your kernel. This will create latency and memory usage issues with Redis. To fix this issue run the command 'echo never > /sys/kernel/mm/transparent_hugepage/enabled' as root, and add it to your /etc/rc.local in order to retain the setting after a reboot. Redis must be restarted after THP is disabled.
19358:M 14 Jan 2021 23:14:23.298 * DB loaded from disk: 0.000 seconds
19358:M 14 Jan 2021 23:14:23.298 * Ready to accept connections
19358:M 14 Jan 2021 23:15:24.008 * 10000 changes in 60 seconds. Saving...
19358:M 14 Jan 2021 23:15:24.013 * Background saving started by pid 30029
30029:C 14 Jan 2021 23:15:24.017 * DB saved on disk
30029:C 14 Jan 2021 23:15:24.020 * RDB: 2 MB of memory used by copy-on-write
19358:M 14 Jan 2021 23:15:24.113 * Background saving terminated with success
19358:M 14 Jan 2021 23:16:25.171 * 10000 changes in 60 seconds. Saving...
19358:M 14 Jan 2021 23:16:25.180 * Background saving started by pid 25745
25745:C 14 Jan 2021 23:16:25.195 * DB saved on disk
25745:C 14 Jan 2021 23:16:25.202 * RDB: 4 MB of memory used by copy-on-write
19358:M 14 Jan 2021 23:16:25.455 * Background saving terminated with success
19358:M 14 Jan 2021 23:17:26.000 * 10000 changes in 60 seconds. Saving...
19358:M 14 Jan 2021 23:17:26.005 * Background saving started by pid 29026
29026:C 14 Jan 2021 23:17:26.009 * DB saved on disk
29026:C 14 Jan 2021 23:17:26.013 * RDB: 0 MB of memory used by copy-on-write
19358:M 14 Jan 2021 23:17:26.105 * Background saving terminated with success
19358:M 14 Jan 2021 23:18:27.081 * 10000 changes in 60 seconds. Saving...
19358:M 14 Jan 2021 23:18:27.085 * Background saving started by pid 29888
29888:C 14 Jan 2021 23:18:27.090 * DB saved on disk
29888:C 14 Jan 2021 23:18:27.093 * RDB: 0 MB of memory used by copy-on-write
19358:M 14 Jan 2021 23:18:27.186 * Background saving terminated with success
19358:M 15 Jan 2021 10:10:19.181 * 1 changes in 900 seconds. Saving...
19358:M 15 Jan 2021 10:10:19.184 * Background saving started by pid 30600
30600:C 15 Jan 2021 10:10:19.192 * DB saved on disk
30600:C 15 Jan 2021 10:10:19.198 * RDB: 3 MB of memory used by copy-on-write
19358:M 15 Jan 2021 10:10:19.285 * Background saving terminated with success
19358:M 15 Jan 2021 10:11:20.066 * 10000 changes in 60 seconds. Saving...
19358:M 15 Jan 2021 10:11:20.070 * Background saving started by pid 1034
1034:C 15 Jan 2021 10:11:20.078 * DB saved on disk
1034:C 15 Jan 2021 10:11:20.084 * RDB: 0 MB of memory used by copy-on-write
19358:M 15 Jan 2021 10:11:20.171 * Background saving terminated with success
19358:M 15 Jan 2021 10:13:20.576 * 10000 changes in 60 seconds. Saving...
19358:M 15 Jan 2021 10:13:20.585 * Background saving started by pid 16738
16738:C 15 Jan 2021 10:13:20.609 * DB saved on disk
16738:C 15 Jan 2021 10:13:20.611 * RDB: 0 MB of memory used by copy-on-write
19358:M 15 Jan 2021 10:13:20.619 * Background saving terminated with success
19358:M 15 Jan 2021 10:14:21.057 * 10000 changes in 60 seconds. Saving...
19358:M 15 Jan 2021 10:14:21.061 * Background saving started by pid 4588
4588:C 15 Jan 2021 10:14:21.064 * DB saved on disk
4588:C 15 Jan 2021 10:14:21.068 * RDB: 0 MB of memory used by copy-on-write
19358:M 15 Jan 2021 10:14:21.161 * Background saving terminated with success
19358:M 15 Jan 2021 10:15:22.047 * 10000 changes in 60 seconds. Saving...
19358:M 15 Jan 2021 10:15:22.050 * Background saving started by pid 27427
27427:C 15 Jan 2021 10:15:22.054 * DB saved on disk
27427:C 15 Jan 2021 10:15:22.056 * RDB: 0 MB of memory used by copy-on-write
19358:M 15 Jan 2021 10:15:22.150 * Background saving terminated with success
